The system is: Darwin - 20.2.0 - x86_64
Compiling the CXX compiler identification source file "CMakeCXXCompilerId.cpp" succeeded.
Compiler: /usr/local/Cellar/llvm@8/8.0.1_3/bin/clang++ 
Build flags: 
Id flags:  

The output was:
0


Compilation of the CXX compiler identification source "CMakeCXXCompilerId.cpp" produced "a.out"

The CXX compiler identification is Clang, found in "/Users/ejeppinger/CLionProjects/terrier/cmake-build-remotedebug/CMakeFiles/3.17.3/CompilerIdCXX/a.out"

Determining if the CXX compiler works passed with the following output:
Change Dir: /Users/ejeppinger/CLionProjects/terrier/cmake-build-remotedebug/CMakeFiles/CMakeTmp

Run Build Command(s):/usr/local/bin/ninja cmTC_61ecb && [1/2] Building CXX object CMakeFiles/cmTC_61ecb.dir/testCXXCompiler.cxx.o
[2/2] Linking CXX executable cmTC_61ecb



Detecting CXX compiler ABI info compiled with the following output:
Change Dir: /Users/ejeppinger/CLionProjects/terrier/cmake-build-remotedebug/CMakeFiles/CMakeTmp

Run Build Command(s):/usr/local/bin/ninja cmTC_17942 && [1/2] Building CXX object CMakeFiles/cmTC_17942.dir/CMakeCXXCompilerABI.cpp.o
clang version 8.0.1 (tags/RELEASE_801/final)
Target: x86_64-apple-darwin20.2.0
Thread model: posix
InstalledDir: /usr/local/Cellar/llvm@8/8.0.1_3/bin
clang-8: warning: -Wl,-v: 'linker' input unused [-Wunused-command-line-argument]
 "/usr/local/Cellar/llvm@8/8.0.1_3/bin/clang-8" -cc1 -triple x86_64-apple-macosx10.15.0 -Wdeprecated-objc-isa-usage -Werror=deprecated-objc-isa-usage -emit-obj -mrelax-all -disable-free -disable-llvm-verifier -discard-value-names -main-file-name CMakeCXXCompilerABI.cpp -mrelocation-model pic -pic-level 2 -mthread-model posix -mdisable-fp-elim -masm-verbose -munwind-tables -target-sdk-version=10.15 -target-cpu penryn -dwarf-column-info -debugger-tuning=lldb -ggnu-pubnames -target-linker-version 556.6 -v -coverage-notes-file /Users/ejeppinger/CLionProjects/terrier/cmake-build-remotedebug/CMakeFiles/CMakeTmp/CMakeFiles/cmTC_17942.dir/CMakeCXXCompilerABI.cpp.gcno -resource-dir /usr/local/Cellar/llvm@8/8.0.1_3/lib/clang/8.0.1 -isysroot /Library/Developer/CommandLineTools/SDKs/MacOSX10.15.sdk -stdlib=libc++ -internal-isystem /usr/local/Cellar/llvm@8/8.0.1_3/bin/../include/c++/v1 -fdeprecated-macro -fdebug-compilation-dir /Users/ejeppinger/CLionProjects/terrier/cmake-build-remotedebug/CMakeFiles/CMakeTmp -ferror-limit 19 -fmessage-length 0 -stack-protector 1 -fblocks -fencode-extended-block-signature -fregister-global-dtors-with-atexit -fobjc-runtime=macosx-10.15.0 -fcxx-exceptions -fexceptions -fmax-type-align=16 -fdiagnostics-show-option -o CMakeFiles/cmTC_17942.dir/CMakeCXXCompilerABI.cpp.o -x c++ /Applications/CLion.app/Contents/bin/cmake/mac/share/cmake-3.17/Modules/CMakeCXXCompilerABI.cpp
clang -cc1 version 8.0.1 based upon LLVM 8.0.1 default target x86_64-apple-darwin20.2.0
ignoring nonexistent directory "/Library/Developer/CommandLineTools/SDKs/MacOSX10.15.sdk/usr/include/c++/v1"
ignoring nonexistent directory "/Library/Developer/CommandLineTools/SDKs/MacOSX10.15.sdk/usr/local/include"
ignoring nonexistent directory "/Library/Developer/CommandLineTools/SDKs/MacOSX10.15.sdk/Library/Frameworks"
#include "..." search starts here:
#include <...> search starts here:
 /usr/local/Cellar/llvm@8/8.0.1_3/bin/../include/c++/v1
 /usr/local/Cellar/llvm@8/8.0.1_3/lib/clang/8.0.1/include
 /Library/Developer/CommandLineTools/SDKs/MacOSX10.15.sdk/usr/include
 /Library/Developer/CommandLineTools/SDKs/MacOSX10.15.sdk/System/Library/Frameworks (framework directory)
End of search list.
[2/2] Linking CXX executable cmTC_17942
clang version 8.0.1 (tags/RELEASE_801/final)
Target: x86_64-apple-darwin20.2.0
Thread model: posix
InstalledDir: /usr/local/Cellar/llvm@8/8.0.1_3/bin
 "/usr/bin/ld" -demangle -lto_library /usr/local/Cellar/llvm@8/8.0.1_3/lib/libLTO.dylib -dynamic -arch x86_64 -macosx_version_min 10.15.0 -syslibroot /Library/Developer/CommandLineTools/SDKs/MacOSX.sdk -o cmTC_17942 -search_paths_first -headerpad_max_install_names -v CMakeFiles/cmTC_17942.dir/CMakeCXXCompilerABI.cpp.o -L. -L/usr/local/opt/libpqxx/lib/ -lc++ -lSystem /usr/local/Cellar/llvm@8/8.0.1_3/lib/clang/8.0.1/lib/darwin/libclang_rt.osx.a
@(#)PROGRAM:ld  PROJECT:ld64-530
BUILD 18:57:17 Dec 13 2019
configured to support archs: armv6 armv7 armv7s arm64 arm64e arm64_32 i386 x86_64 x86_64h armv6m armv7k armv7m armv7em
Library search paths:
	.
	/usr/local/opt/libpqxx/lib/
	/Library/Developer/CommandLineTools/SDKs/MacOSX.sdk/usr/lib
Framework search paths:
	/Library/Developer/CommandLineTools/SDKs/MacOSX.sdk/System/Library/Frameworks/



Parsed CXX implicit include dir info from above output: rv=done
  found start of include info
  found start of implicit include info
    add: [/usr/local/Cellar/llvm@8/8.0.1_3/bin/../include/c++/v1]
    add: [/usr/local/Cellar/llvm@8/8.0.1_3/lib/clang/8.0.1/include]
    add: [/Library/Developer/CommandLineTools/SDKs/MacOSX10.15.sdk/usr/include]
  end of search list found
  collapse include dir [/usr/local/Cellar/llvm@8/8.0.1_3/bin/../include/c++/v1] ==> [/usr/local/Cellar/llvm@8/8.0.1_3/include/c++/v1]
  collapse include dir [/usr/local/Cellar/llvm@8/8.0.1_3/lib/clang/8.0.1/include] ==> [/usr/local/Cellar/llvm@8/8.0.1_3/lib/clang/8.0.1/include]
  collapse include dir [/Library/Developer/CommandLineTools/SDKs/MacOSX10.15.sdk/usr/include] ==> [/Library/Developer/CommandLineTools/SDKs/MacOSX10.15.sdk/usr/include]
  implicit include dirs: [/usr/local/Cellar/llvm@8/8.0.1_3/include/c++/v1;/usr/local/Cellar/llvm@8/8.0.1_3/lib/clang/8.0.1/include;/Library/Developer/CommandLineTools/SDKs/MacOSX10.15.sdk/usr/include]


Parsed CXX implicit link information from above output:
  link line regex: [^( *|.*[/\])(ld|CMAKE_LINK_STARTFILE-NOTFOUND|([^/\]+-)?ld|collect2)[^/\]*( |$)]
  ignore line: [Change Dir: /Users/ejeppinger/CLionProjects/terrier/cmake-build-remotedebug/CMakeFiles/CMakeTmp]
  ignore line: []
  ignore line: [Run Build Command(s):/usr/local/bin/ninja cmTC_17942 && [1/2] Building CXX object CMakeFiles/cmTC_17942.dir/CMakeCXXCompilerABI.cpp.o]
  ignore line: [clang version 8.0.1 (tags/RELEASE_801/final)]
  ignore line: [Target: x86_64-apple-darwin20.2.0]
  ignore line: [Thread model: posix]
  ignore line: [InstalledDir: /usr/local/Cellar/llvm@8/8.0.1_3/bin]
  ignore line: [clang-8: warning: -Wl -v: 'linker' input unused [-Wunused-command-line-argument]]
  ignore line: [ "/usr/local/Cellar/llvm@8/8.0.1_3/bin/clang-8" -cc1 -triple x86_64-apple-macosx10.15.0 -Wdeprecated-objc-isa-usage -Werror=deprecated-objc-isa-usage -emit-obj -mrelax-all -disable-free -disable-llvm-verifier -discard-value-names -main-file-name CMakeCXXCompilerABI.cpp -mrelocation-model pic -pic-level 2 -mthread-model posix -mdisable-fp-elim -masm-verbose -munwind-tables -target-sdk-version=10.15 -target-cpu penryn -dwarf-column-info -debugger-tuning=lldb -ggnu-pubnames -target-linker-version 556.6 -v -coverage-notes-file /Users/ejeppinger/CLionProjects/terrier/cmake-build-remotedebug/CMakeFiles/CMakeTmp/CMakeFiles/cmTC_17942.dir/CMakeCXXCompilerABI.cpp.gcno -resource-dir /usr/local/Cellar/llvm@8/8.0.1_3/lib/clang/8.0.1 -isysroot /Library/Developer/CommandLineTools/SDKs/MacOSX10.15.sdk -stdlib=libc++ -internal-isystem /usr/local/Cellar/llvm@8/8.0.1_3/bin/../include/c++/v1 -fdeprecated-macro -fdebug-compilation-dir /Users/ejeppinger/CLionProjects/terrier/cmake-build-remotedebug/CMakeFiles/CMakeTmp -ferror-limit 19 -fmessage-length 0 -stack-protector 1 -fblocks -fencode-extended-block-signature -fregister-global-dtors-with-atexit -fobjc-runtime=macosx-10.15.0 -fcxx-exceptions -fexceptions -fmax-type-align=16 -fdiagnostics-show-option -o CMakeFiles/cmTC_17942.dir/CMakeCXXCompilerABI.cpp.o -x c++ /Applications/CLion.app/Contents/bin/cmake/mac/share/cmake-3.17/Modules/CMakeCXXCompilerABI.cpp]
  ignore line: [clang -cc1 version 8.0.1 based upon LLVM 8.0.1 default target x86_64-apple-darwin20.2.0]
  ignore line: [ignoring nonexistent directory "/Library/Developer/CommandLineTools/SDKs/MacOSX10.15.sdk/usr/include/c++/v1"]
  ignore line: [ignoring nonexistent directory "/Library/Developer/CommandLineTools/SDKs/MacOSX10.15.sdk/usr/local/include"]
  ignore line: [ignoring nonexistent directory "/Library/Developer/CommandLineTools/SDKs/MacOSX10.15.sdk/Library/Frameworks"]
  ignore line: [#include "..." search starts here:]
  ignore line: [#include <...> search starts here:]
  ignore line: [ /usr/local/Cellar/llvm@8/8.0.1_3/bin/../include/c++/v1]
  ignore line: [ /usr/local/Cellar/llvm@8/8.0.1_3/lib/clang/8.0.1/include]
  ignore line: [ /Library/Developer/CommandLineTools/SDKs/MacOSX10.15.sdk/usr/include]
  ignore line: [ /Library/Developer/CommandLineTools/SDKs/MacOSX10.15.sdk/System/Library/Frameworks (framework directory)]
  ignore line: [End of search list.]
  ignore line: [[2/2] Linking CXX executable cmTC_17942]
  ignore line: [clang version 8.0.1 (tags/RELEASE_801/final)]
  ignore line: [Target: x86_64-apple-darwin20.2.0]
  ignore line: [Thread model: posix]
  ignore line: [InstalledDir: /usr/local/Cellar/llvm@8/8.0.1_3/bin]
  link line: [ "/usr/bin/ld" -demangle -lto_library /usr/local/Cellar/llvm@8/8.0.1_3/lib/libLTO.dylib -dynamic -arch x86_64 -macosx_version_min 10.15.0 -syslibroot /Library/Developer/CommandLineTools/SDKs/MacOSX.sdk -o cmTC_17942 -search_paths_first -headerpad_max_install_names -v CMakeFiles/cmTC_17942.dir/CMakeCXXCompilerABI.cpp.o -L. -L/usr/local/opt/libpqxx/lib/ -lc++ -lSystem /usr/local/Cellar/llvm@8/8.0.1_3/lib/clang/8.0.1/lib/darwin/libclang_rt.osx.a]
    arg [/usr/bin/ld] ==> ignore
    arg [-demangle] ==> ignore
    arg [-lto_library] ==> ignore, skip following value
    arg [/usr/local/Cellar/llvm@8/8.0.1_3/lib/libLTO.dylib] ==> skip value of -lto_library
    arg [-dynamic] ==> ignore
    arg [-arch] ==> ignore
    arg [x86_64] ==> ignore
    arg [-macosx_version_min] ==> ignore
    arg [10.15.0] ==> ignore
    arg [-syslibroot] ==> ignore
    arg [/Library/Developer/CommandLineTools/SDKs/MacOSX.sdk] ==> ignore
    arg [-o] ==> ignore
    arg [cmTC_17942] ==> ignore
    arg [-search_paths_first] ==> ignore
    arg [-headerpad_max_install_names] ==> ignore
    arg [-v] ==> ignore
    arg [CMakeFiles/cmTC_17942.dir/CMakeCXXCompilerABI.cpp.o] ==> ignore
    arg [-L.] ==> ignore
    arg [-L/usr/local/opt/libpqxx/lib/] ==> dir [/usr/local/opt/libpqxx/lib/]
    arg [-lc++] ==> lib [c++]
    arg [-lSystem] ==> lib [System]
    arg [/usr/local/Cellar/llvm@8/8.0.1_3/lib/clang/8.0.1/lib/darwin/libclang_rt.osx.a] ==> lib [/usr/local/Cellar/llvm@8/8.0.1_3/lib/clang/8.0.1/lib/darwin/libclang_rt.osx.a]
  Library search paths: [;.;/usr/local/opt/libpqxx/lib/;/Library/Developer/CommandLineTools/SDKs/MacOSX.sdk/usr/lib]
  Framework search paths: [;/Library/Developer/CommandLineTools/SDKs/MacOSX.sdk/System/Library/Frameworks/]
  remove lib [System]
  remove lib [/usr/local/Cellar/llvm@8/8.0.1_3/lib/clang/8.0.1/lib/darwin/libclang_rt.osx.a]
  collapse library dir [/usr/local/opt/libpqxx/lib/] ==> [/usr/local/opt/libpqxx/lib]
  collapse library dir [.] ==> [/Users/ejeppinger/CLionProjects/terrier]
  collapse library dir [/usr/local/opt/libpqxx/lib/] ==> [/usr/local/opt/libpqxx/lib]
  collapse library dir [/Library/Developer/CommandLineTools/SDKs/MacOSX.sdk/usr/lib] ==> [/Library/Developer/CommandLineTools/SDKs/MacOSX.sdk/usr/lib]
  collapse framework dir [/Library/Developer/CommandLineTools/SDKs/MacOSX.sdk/System/Library/Frameworks/] ==> [/Library/Developer/CommandLineTools/SDKs/MacOSX.sdk/System/Library/Frameworks]
  implicit libs: [c++]
  implicit dirs: [/usr/local/opt/libpqxx/lib;/Users/ejeppinger/CLionProjects/terrier;/Library/Developer/CommandLineTools/SDKs/MacOSX.sdk/usr/lib]
  implicit fwks: [/Library/Developer/CommandLineTools/SDKs/MacOSX.sdk/System/Library/Frameworks]


Compiling the C compiler identification source file "CMakeCCompilerId.c" succeeded.
Compiler: /usr/local/Cellar/llvm@8/8.0.1_3/bin/clang 
Build flags: -fPIC;-fvisibility=hidden
Id flags:  

The output was:
0


Compilation of the C compiler identification source "CMakeCCompilerId.c" produced "a.out"

The C compiler identification is Clang, found in "/Users/ejeppinger/CLionProjects/terrier/cmake-build-remotedebug/CMakeFiles/3.17.3/CompilerIdC/a.out"

Determining if the C compiler works passed with the following output:
Change Dir: /Users/ejeppinger/CLionProjects/terrier/cmake-build-remotedebug/CMakeFiles/CMakeTmp

Run Build Command(s):/usr/local/bin/ninja cmTC_4b784 && [1/2] Building C object CMakeFiles/cmTC_4b784.dir/testCCompiler.c.o
[2/2] Linking C executable cmTC_4b784



Detecting C compiler ABI info compiled with the following output:
Change Dir: /Users/ejeppinger/CLionProjects/terrier/cmake-build-remotedebug/CMakeFiles/CMakeTmp

Run Build Command(s):/usr/local/bin/ninja cmTC_2e070 && [1/2] Building C object CMakeFiles/cmTC_2e070.dir/CMakeCCompilerABI.c.o
clang version 8.0.1 (tags/RELEASE_801/final)
Target: x86_64-apple-darwin20.2.0
Thread model: posix
InstalledDir: /usr/local/Cellar/llvm@8/8.0.1_3/bin
clang-8: warning: -Wl,-v: 'linker' input unused [-Wunused-command-line-argument]
 "/usr/local/Cellar/llvm@8/8.0.1_3/bin/clang-8" -cc1 -triple x86_64-apple-macosx10.15.0 -Wdeprecated-objc-isa-usage -Werror=deprecated-objc-isa-usage -emit-obj -mrelax-all -disable-free -disable-llvm-verifier -discard-value-names -main-file-name CMakeCCompilerABI.c -mrelocation-model pic -pic-level 2 -mthread-model posix -mdisable-fp-elim -masm-verbose -munwind-tables -target-sdk-version=10.15 -target-cpu penryn -dwarf-column-info -debugger-tuning=lldb -ggnu-pubnames -target-linker-version 556.6 -v -coverage-notes-file /Users/ejeppinger/CLionProjects/terrier/cmake-build-remotedebug/CMakeFiles/CMakeTmp/CMakeFiles/cmTC_2e070.dir/CMakeCCompilerABI.c.gcno -resource-dir /usr/local/Cellar/llvm@8/8.0.1_3/lib/clang/8.0.1 -isysroot /Library/Developer/CommandLineTools/SDKs/MacOSX10.15.sdk -fdebug-compilation-dir /Users/ejeppinger/CLionProjects/terrier/cmake-build-remotedebug/CMakeFiles/CMakeTmp -ferror-limit 19 -fmessage-length 0 -fvisibility hidden -stack-protector 1 -fblocks -fencode-extended-block-signature -fregister-global-dtors-with-atexit -fobjc-runtime=macosx-10.15.0 -fmax-type-align=16 -fdiagnostics-show-option -o CMakeFiles/cmTC_2e070.dir/CMakeCCompilerABI.c.o -x c /Applications/CLion.app/Contents/bin/cmake/mac/share/cmake-3.17/Modules/CMakeCCompilerABI.c
clang -cc1 version 8.0.1 based upon LLVM 8.0.1 default target x86_64-apple-darwin20.2.0
ignoring nonexistent directory "/Library/Developer/CommandLineTools/SDKs/MacOSX10.15.sdk/usr/local/include"
ignoring nonexistent directory "/Library/Developer/CommandLineTools/SDKs/MacOSX10.15.sdk/Library/Frameworks"
#include "..." search starts here:
#include <...> search starts here:
 /usr/local/Cellar/llvm@8/8.0.1_3/lib/clang/8.0.1/include
 /Library/Developer/CommandLineTools/SDKs/MacOSX10.15.sdk/usr/include
 /Library/Developer/CommandLineTools/SDKs/MacOSX10.15.sdk/System/Library/Frameworks (framework directory)
End of search list.
[2/2] Linking C executable cmTC_2e070
clang version 8.0.1 (tags/RELEASE_801/final)
Target: x86_64-apple-darwin20.2.0
Thread model: posix
InstalledDir: /usr/local/Cellar/llvm@8/8.0.1_3/bin
 "/usr/bin/ld" -demangle -lto_library /usr/local/Cellar/llvm@8/8.0.1_3/lib/libLTO.dylib -dynamic -arch x86_64 -macosx_version_min 10.15.0 -syslibroot /Library/Developer/CommandLineTools/SDKs/MacOSX.sdk -o cmTC_2e070 -search_paths_first -headerpad_max_install_names -v CMakeFiles/cmTC_2e070.dir/CMakeCCompilerABI.c.o -L. -L/usr/local/opt/libpqxx/lib/ -lSystem /usr/local/Cellar/llvm@8/8.0.1_3/lib/clang/8.0.1/lib/darwin/libclang_rt.osx.a
@(#)PROGRAM:ld  PROJECT:ld64-530
BUILD 18:57:17 Dec 13 2019
configured to support archs: armv6 armv7 armv7s arm64 arm64e arm64_32 i386 x86_64 x86_64h armv6m armv7k armv7m armv7em
Library search paths:
	.
	/usr/local/opt/libpqxx/lib/
	/Library/Developer/CommandLineTools/SDKs/MacOSX.sdk/usr/lib
Framework search paths:
	/Library/Developer/CommandLineTools/SDKs/MacOSX.sdk/System/Library/Frameworks/



Parsed C implicit include dir info from above output: rv=done
  found start of include info
  found start of implicit include info
    add: [/usr/local/Cellar/llvm@8/8.0.1_3/lib/clang/8.0.1/include]
    add: [/Library/Developer/CommandLineTools/SDKs/MacOSX10.15.sdk/usr/include]
  end of search list found
  collapse include dir [/usr/local/Cellar/llvm@8/8.0.1_3/lib/clang/8.0.1/include] ==> [/usr/local/Cellar/llvm@8/8.0.1_3/lib/clang/8.0.1/include]
  collapse include dir [/Library/Developer/CommandLineTools/SDKs/MacOSX10.15.sdk/usr/include] ==> [/Library/Developer/CommandLineTools/SDKs/MacOSX10.15.sdk/usr/include]
  implicit include dirs: [/usr/local/Cellar/llvm@8/8.0.1_3/lib/clang/8.0.1/include;/Library/Developer/CommandLineTools/SDKs/MacOSX10.15.sdk/usr/include]


Parsed C implicit link information from above output:
  link line regex: [^( *|.*[/\])(ld|CMAKE_LINK_STARTFILE-NOTFOUND|([^/\]+-)?ld|collect2)[^/\]*( |$)]
  ignore line: [Change Dir: /Users/ejeppinger/CLionProjects/terrier/cmake-build-remotedebug/CMakeFiles/CMakeTmp]
  ignore line: []
  ignore line: [Run Build Command(s):/usr/local/bin/ninja cmTC_2e070 && [1/2] Building C object CMakeFiles/cmTC_2e070.dir/CMakeCCompilerABI.c.o]
  ignore line: [clang version 8.0.1 (tags/RELEASE_801/final)]
  ignore line: [Target: x86_64-apple-darwin20.2.0]
  ignore line: [Thread model: posix]
  ignore line: [InstalledDir: /usr/local/Cellar/llvm@8/8.0.1_3/bin]
  ignore line: [clang-8: warning: -Wl -v: 'linker' input unused [-Wunused-command-line-argument]]
  ignore line: [ "/usr/local/Cellar/llvm@8/8.0.1_3/bin/clang-8" -cc1 -triple x86_64-apple-macosx10.15.0 -Wdeprecated-objc-isa-usage -Werror=deprecated-objc-isa-usage -emit-obj -mrelax-all -disable-free -disable-llvm-verifier -discard-value-names -main-file-name CMakeCCompilerABI.c -mrelocation-model pic -pic-level 2 -mthread-model posix -mdisable-fp-elim -masm-verbose -munwind-tables -target-sdk-version=10.15 -target-cpu penryn -dwarf-column-info -debugger-tuning=lldb -ggnu-pubnames -target-linker-version 556.6 -v -coverage-notes-file /Users/ejeppinger/CLionProjects/terrier/cmake-build-remotedebug/CMakeFiles/CMakeTmp/CMakeFiles/cmTC_2e070.dir/CMakeCCompilerABI.c.gcno -resource-dir /usr/local/Cellar/llvm@8/8.0.1_3/lib/clang/8.0.1 -isysroot /Library/Developer/CommandLineTools/SDKs/MacOSX10.15.sdk -fdebug-compilation-dir /Users/ejeppinger/CLionProjects/terrier/cmake-build-remotedebug/CMakeFiles/CMakeTmp -ferror-limit 19 -fmessage-length 0 -fvisibility hidden -stack-protector 1 -fblocks -fencode-extended-block-signature -fregister-global-dtors-with-atexit -fobjc-runtime=macosx-10.15.0 -fmax-type-align=16 -fdiagnostics-show-option -o CMakeFiles/cmTC_2e070.dir/CMakeCCompilerABI.c.o -x c /Applications/CLion.app/Contents/bin/cmake/mac/share/cmake-3.17/Modules/CMakeCCompilerABI.c]
  ignore line: [clang -cc1 version 8.0.1 based upon LLVM 8.0.1 default target x86_64-apple-darwin20.2.0]
  ignore line: [ignoring nonexistent directory "/Library/Developer/CommandLineTools/SDKs/MacOSX10.15.sdk/usr/local/include"]
  ignore line: [ignoring nonexistent directory "/Library/Developer/CommandLineTools/SDKs/MacOSX10.15.sdk/Library/Frameworks"]
  ignore line: [#include "..." search starts here:]
  ignore line: [#include <...> search starts here:]
  ignore line: [ /usr/local/Cellar/llvm@8/8.0.1_3/lib/clang/8.0.1/include]
  ignore line: [ /Library/Developer/CommandLineTools/SDKs/MacOSX10.15.sdk/usr/include]
  ignore line: [ /Library/Developer/CommandLineTools/SDKs/MacOSX10.15.sdk/System/Library/Frameworks (framework directory)]
  ignore line: [End of search list.]
  ignore line: [[2/2] Linking C executable cmTC_2e070]
  ignore line: [clang version 8.0.1 (tags/RELEASE_801/final)]
  ignore line: [Target: x86_64-apple-darwin20.2.0]
  ignore line: [Thread model: posix]
  ignore line: [InstalledDir: /usr/local/Cellar/llvm@8/8.0.1_3/bin]
  link line: [ "/usr/bin/ld" -demangle -lto_library /usr/local/Cellar/llvm@8/8.0.1_3/lib/libLTO.dylib -dynamic -arch x86_64 -macosx_version_min 10.15.0 -syslibroot /Library/Developer/CommandLineTools/SDKs/MacOSX.sdk -o cmTC_2e070 -search_paths_first -headerpad_max_install_names -v CMakeFiles/cmTC_2e070.dir/CMakeCCompilerABI.c.o -L. -L/usr/local/opt/libpqxx/lib/ -lSystem /usr/local/Cellar/llvm@8/8.0.1_3/lib/clang/8.0.1/lib/darwin/libclang_rt.osx.a]
    arg [/usr/bin/ld] ==> ignore
    arg [-demangle] ==> ignore
    arg [-lto_library] ==> ignore, skip following value
    arg [/usr/local/Cellar/llvm@8/8.0.1_3/lib/libLTO.dylib] ==> skip value of -lto_library
    arg [-dynamic] ==> ignore
    arg [-arch] ==> ignore
    arg [x86_64] ==> ignore
    arg [-macosx_version_min] ==> ignore
    arg [10.15.0] ==> ignore
    arg [-syslibroot] ==> ignore
    arg [/Library/Developer/CommandLineTools/SDKs/MacOSX.sdk] ==> ignore
    arg [-o] ==> ignore
    arg [cmTC_2e070] ==> ignore
    arg [-search_paths_first] ==> ignore
    arg [-headerpad_max_install_names] ==> ignore
    arg [-v] ==> ignore
    arg [CMakeFiles/cmTC_2e070.dir/CMakeCCompilerABI.c.o] ==> ignore
    arg [-L.] ==> ignore
    arg [-L/usr/local/opt/libpqxx/lib/] ==> dir [/usr/local/opt/libpqxx/lib/]
    arg [-lSystem] ==> lib [System]
    arg [/usr/local/Cellar/llvm@8/8.0.1_3/lib/clang/8.0.1/lib/darwin/libclang_rt.osx.a] ==> lib [/usr/local/Cellar/llvm@8/8.0.1_3/lib/clang/8.0.1/lib/darwin/libclang_rt.osx.a]
  Library search paths: [;.;/usr/local/opt/libpqxx/lib/;/Library/Developer/CommandLineTools/SDKs/MacOSX.sdk/usr/lib]
  Framework search paths: [;/Library/Developer/CommandLineTools/SDKs/MacOSX.sdk/System/Library/Frameworks/]
  remove lib [System]
  remove lib [/usr/local/Cellar/llvm@8/8.0.1_3/lib/clang/8.0.1/lib/darwin/libclang_rt.osx.a]
  collapse library dir [/usr/local/opt/libpqxx/lib/] ==> [/usr/local/opt/libpqxx/lib]
  collapse library dir [.] ==> [/Users/ejeppinger/CLionProjects/terrier/cmake-build-remotedebug/_deps/src/count]
  collapse library dir [/usr/local/opt/libpqxx/lib/] ==> [/usr/local/opt/libpqxx/lib]
  collapse library dir [/Library/Developer/CommandLineTools/SDKs/MacOSX.sdk/usr/lib] ==> [/Library/Developer/CommandLineTools/SDKs/MacOSX.sdk/usr/lib]
  collapse framework dir [/Library/Developer/CommandLineTools/SDKs/MacOSX.sdk/System/Library/Frameworks/] ==> [/Library/Developer/CommandLineTools/SDKs/MacOSX.sdk/System/Library/Frameworks]
  implicit libs: []
  implicit dirs: [/usr/local/opt/libpqxx/lib;/Users/ejeppinger/CLionProjects/terrier/cmake-build-remotedebug/_deps/src/count;/Library/Developer/CommandLineTools/SDKs/MacOSX.sdk/usr/lib]
  implicit fwks: [/Library/Developer/CommandLineTools/SDKs/MacOSX.sdk/System/Library/Frameworks]


Determining if the include file unistd.h exists passed with the following output:
Change Dir: /Users/ejeppinger/CLionProjects/terrier/cmake-build-remotedebug/CMakeFiles/CMakeTmp

Run Build Command(s):/usr/local/bin/ninja cmTC_1d3c3 && [1/2] Building CXX object CMakeFiles/cmTC_1d3c3.dir/CheckIncludeFile.cxx.o
[2/2] Linking CXX executable cmTC_1d3c3



Determining if the include file stdint.h exists passed with the following output:
Change Dir: /Users/ejeppinger/CLionProjects/terrier/cmake-build-remotedebug/CMakeFiles/CMakeTmp

Run Build Command(s):/usr/local/bin/ninja cmTC_a3701 && [1/2] Building CXX object CMakeFiles/cmTC_a3701.dir/CheckIncludeFile.cxx.o
[2/2] Linking CXX executable cmTC_a3701



Determining if the include file inttypes.h exists passed with the following output:
Change Dir: /Users/ejeppinger/CLionProjects/terrier/cmake-build-remotedebug/CMakeFiles/CMakeTmp

Run Build Command(s):/usr/local/bin/ninja cmTC_bfd75 && [1/2] Building CXX object CMakeFiles/cmTC_bfd75.dir/CheckIncludeFile.cxx.o
[2/2] Linking CXX executable cmTC_bfd75



Determining if the include file sys/types.h exists passed with the following output:
Change Dir: /Users/ejeppinger/CLionProjects/terrier/cmake-build-remotedebug/CMakeFiles/CMakeTmp

Run Build Command(s):/usr/local/bin/ninja cmTC_a65f4 && [1/2] Building CXX object CMakeFiles/cmTC_a65f4.dir/CheckIncludeFile.cxx.o
[2/2] Linking CXX executable cmTC_a65f4



Determining if the include file sys/stat.h exists passed with the following output:
Change Dir: /Users/ejeppinger/CLionProjects/terrier/cmake-build-remotedebug/CMakeFiles/CMakeTmp

Run Build Command(s):/usr/local/bin/ninja cmTC_6f6fd && [1/2] Building CXX object CMakeFiles/cmTC_6f6fd.dir/CheckIncludeFile.cxx.o
[2/2] Linking CXX executable cmTC_6f6fd



Determining if the include file fnmatch.h exists passed with the following output:
Change Dir: /Users/ejeppinger/CLionProjects/terrier/cmake-build-remotedebug/CMakeFiles/CMakeTmp

Run Build Command(s):/usr/local/bin/ninja cmTC_33083 && [1/2] Building CXX object CMakeFiles/cmTC_33083.dir/CheckIncludeFile.cxx.o
[2/2] Linking CXX executable cmTC_33083



Determining if the include file stddef.h exists passed with the following output:
Change Dir: /Users/ejeppinger/CLionProjects/terrier/cmake-build-remotedebug/CMakeFiles/CMakeTmp

Run Build Command(s):/usr/local/bin/ninja cmTC_14a08 && [1/2] Building CXX object CMakeFiles/cmTC_14a08.dir/CheckIncludeFile.cxx.o
[2/2] Linking CXX executable cmTC_14a08



Determining size of uint32_t passed with the following output:
Change Dir: /Users/ejeppinger/CLionProjects/terrier/cmake-build-remotedebug/CMakeFiles/CMakeTmp

Run Build Command(s):/usr/local/bin/ninja cmTC_85d10 && [1/2] Building CXX object CMakeFiles/cmTC_85d10.dir/uint32_t.cpp.o
[2/2] Linking CXX executable cmTC_85d10



Determining if the strtoll exist passed with the following output:
Change Dir: /Users/ejeppinger/CLionProjects/terrier/cmake-build-remotedebug/CMakeFiles/CMakeTmp

Run Build Command(s):/usr/local/bin/ninja cmTC_2f244 && [1/2] Building CXX object CMakeFiles/cmTC_2f244.dir/CheckSymbolExists.cxx.o
[2/2] Linking CXX executable cmTC_2f244


File /Users/ejeppinger/CLionProjects/terrier/cmake-build-remotedebug/CMakeFiles/CMakeTmp/CheckSymbolExists.cxx:
/* */
#include <stdlib.h>

int main(int argc, char** argv)
{
  (void)argv;
#ifndef strtoll
  return ((int*)(&strtoll))[argc];
#else
  (void)argc;
  return 0;
#endif
}
Determining if the include file pthread.h exists passed with the following output:
Change Dir: /Users/ejeppinger/CLionProjects/terrier/cmake-build-remotedebug/CMakeFiles/CMakeTmp

Run Build Command(s):/usr/local/bin/ninja cmTC_176c7 && [1/2] Building CXX object CMakeFiles/cmTC_176c7.dir/CheckIncludeFile.cxx.o
[2/2] Linking CXX executable cmTC_176c7



Performing C++ SOURCE FILE Test CMAKE_HAVE_LIBC_PTHREAD succeeded with the following output:
Change Dir: /Users/ejeppinger/CLionProjects/terrier/cmake-build-remotedebug/CMakeFiles/CMakeTmp

Run Build Command(s):/usr/local/bin/ninja cmTC_035a9 && [1/2] Building CXX object CMakeFiles/cmTC_035a9.dir/src.cxx.o
[2/2] Linking CXX executable cmTC_035a9


Source file was:
#include <pthread.h>

void* test_func(void* data)
{
  return data;
}

int main(void)
{
  pthread_t thread;
  pthread_create(&thread, NULL, test_func, NULL);
  pthread_detach(thread);
  pthread_cancel(thread);
  pthread_join(thread, NULL);
  pthread_atfork(NULL, NULL, NULL);
  pthread_exit(NULL);

  return 0;
}

Determining size of pthread_rwlock_t passed with the following output:
Change Dir: /Users/ejeppinger/CLionProjects/terrier/cmake-build-remotedebug/CMakeFiles/CMakeTmp

Run Build Command(s):/usr/local/bin/ninja cmTC_5c43c && [1/2] Building CXX object CMakeFiles/cmTC_5c43c.dir/RWLOCK.cpp.o
[2/2] Linking CXX executable cmTC_5c43c



Performing C++ SOURCE FILE Test HAVE_CXX_FLAG_STD_CXX11 succeeded with the following output:
Change Dir: /Users/ejeppinger/CLionProjects/terrier/cmake-build-remotedebug/CMakeFiles/CMakeTmp

Run Build Command(s):/usr/local/bin/ninja cmTC_d0393 && [1/2] Building CXX object CMakeFiles/cmTC_d0393.dir/src.cxx.o
[2/2] Linking CXX executable cmTC_d0393


Source file was:
int main() { return 0; }
Performing C++ SOURCE FILE Test HAVE_CXX_FLAG_WALL succeeded with the following output:
Change Dir: /Users/ejeppinger/CLionProjects/terrier/cmake-build-remotedebug/CMakeFiles/CMakeTmp

Run Build Command(s):/usr/local/bin/ninja cmTC_549f8 && [1/2] Building CXX object CMakeFiles/cmTC_549f8.dir/src.cxx.o
[2/2] Linking CXX executable cmTC_549f8


Source file was:
int main() { return 0; }
Performing C++ SOURCE FILE Test HAVE_CXX_FLAG_WEXTRA succeeded with the following output:
Change Dir: /Users/ejeppinger/CLionProjects/terrier/cmake-build-remotedebug/CMakeFiles/CMakeTmp

Run Build Command(s):/usr/local/bin/ninja cmTC_24a95 && [1/2] Building CXX object CMakeFiles/cmTC_24a95.dir/src.cxx.o
[2/2] Linking CXX executable cmTC_24a95


Source file was:
int main() { return 0; }
Performing C++ SOURCE FILE Test HAVE_CXX_FLAG_WSHADOW succeeded with the following output:
Change Dir: /Users/ejeppinger/CLionProjects/terrier/cmake-build-remotedebug/CMakeFiles/CMakeTmp

Run Build Command(s):/usr/local/bin/ninja cmTC_cb533 && [1/2] Building CXX object CMakeFiles/cmTC_cb533.dir/src.cxx.o
[2/2] Linking CXX executable cmTC_cb533


Source file was:
int main() { return 0; }
Performing C++ SOURCE FILE Test HAVE_CXX_FLAG_WERROR succeeded with the following output:
Change Dir: /Users/ejeppinger/CLionProjects/terrier/cmake-build-remotedebug/CMakeFiles/CMakeTmp

Run Build Command(s):/usr/local/bin/ninja cmTC_6fd3b && [1/2] Building CXX object CMakeFiles/cmTC_6fd3b.dir/src.cxx.o
[2/2] Linking CXX executable cmTC_6fd3b


Source file was:
int main() { return 0; }
Performing C++ SOURCE FILE Test HAVE_CXX_FLAG_WSHORTEN_64_TO_32 succeeded with the following output:
Change Dir: /Users/ejeppinger/CLionProjects/terrier/cmake-build-remotedebug/CMakeFiles/CMakeTmp

Run Build Command(s):/usr/local/bin/ninja cmTC_97865 && [1/2] Building CXX object CMakeFiles/cmTC_97865.dir/src.cxx.o
[2/2] Linking CXX executable cmTC_97865


Source file was:
int main() { return 0; }
Performing C++ SOURCE FILE Test HAVE_CXX_FLAG_FSTRICT_ALIASING succeeded with the following output:
Change Dir: /Users/ejeppinger/CLionProjects/terrier/cmake-build-remotedebug/CMakeFiles/CMakeTmp

Run Build Command(s):/usr/local/bin/ninja cmTC_b4228 && [1/2] Building CXX object CMakeFiles/cmTC_b4228.dir/src.cxx.o
[2/2] Linking CXX executable cmTC_b4228


Source file was:
int main() { return 0; }
Performing C++ SOURCE FILE Test HAVE_CXX_FLAG_WNO_DEPRECATED_DECLARATIONS succeeded with the following output:
Change Dir: /Users/ejeppinger/CLionProjects/terrier/cmake-build-remotedebug/CMakeFiles/CMakeTmp

Run Build Command(s):/usr/local/bin/ninja cmTC_f7425 && [1/2] Building CXX object CMakeFiles/cmTC_f7425.dir/src.cxx.o
[2/2] Linking CXX executable cmTC_f7425


Source file was:
int main() { return 0; }
Performing C++ SOURCE FILE Test HAVE_CXX_FLAG_WNO_DEPRECATED succeeded with the following output:
Change Dir: /Users/ejeppinger/CLionProjects/terrier/cmake-build-remotedebug/CMakeFiles/CMakeTmp

Run Build Command(s):/usr/local/bin/ninja cmTC_9394c && [1/2] Building CXX object CMakeFiles/cmTC_9394c.dir/src.cxx.o
[2/2] Linking CXX executable cmTC_9394c


Source file was:
int main() { return 0; }
Performing C++ SOURCE FILE Test HAVE_CXX_FLAG_FNO_EXCEPTIONS succeeded with the following output:
Change Dir: /Users/ejeppinger/CLionProjects/terrier/cmake-build-remotedebug/CMakeFiles/CMakeTmp

Run Build Command(s):/usr/local/bin/ninja cmTC_9d557 && [1/2] Building CXX object CMakeFiles/cmTC_9d557.dir/src.cxx.o
[2/2] Linking CXX executable cmTC_9d557


Source file was:
int main() { return 0; }
Performing C++ SOURCE FILE Test HAVE_CXX_FLAG_WSTRICT_ALIASING succeeded with the following output:
Change Dir: /Users/ejeppinger/CLionProjects/terrier/cmake-build-remotedebug/CMakeFiles/CMakeTmp

Run Build Command(s):/usr/local/bin/ninja cmTC_de2c8 && [1/2] Building CXX object CMakeFiles/cmTC_de2c8.dir/src.cxx.o
[2/2] Linking CXX executable cmTC_de2c8


Source file was:
int main() { return 0; }
Performing C++ SOURCE FILE Test HAVE_CXX_FLAG_WTHREAD_SAFETY succeeded with the following output:
Change Dir: /Users/ejeppinger/CLionProjects/terrier/cmake-build-remotedebug/CMakeFiles/CMakeTmp

Run Build Command(s):/usr/local/bin/ninja cmTC_22f83 && [1/2] Building CXX object CMakeFiles/cmTC_22f83.dir/src.cxx.o
[2/2] Linking CXX executable cmTC_22f83


Source file was:
int main() { return 0; }
Performing C++ SOURCE FILE Test HAVE_CXX_FLAG_COVERAGE succeeded with the following output:
Change Dir: /Users/ejeppinger/CLionProjects/terrier/cmake-build-remotedebug/CMakeFiles/CMakeTmp

Run Build Command(s):/usr/local/bin/ninja cmTC_ca00d && [1/2] Building CXX object CMakeFiles/cmTC_ca00d.dir/src.cxx.o
[2/2] Linking CXX executable cmTC_ca00d


Source file was:
int main() { return 0; }
